
*** Running vivado
    with args -log design_1_axi_uartlite_0_0.vds -m64 -product Vivado -mode batch -messageDb vivado.pb -notrace -source design_1_axi_uartlite_0_0.tcl


****** Vivado v2017.1 (64-bit)
  **** SW Build 1846317 on Fri Apr 14 18:55:03 MDT 2017
  **** IP Build 1846188 on Fri Apr 14 20:52:08 MDT 2017
    ** Copyright 1986-2017 Xilinx, Inc. All Rights Reserved.

source design_1_axi_uartlite_0_0.tcl -notrace
Starting RTL Elaboration : Time (s): cpu = 00:00:11 ; elapsed = 00:00:12 . Memory (MB): peak = 392.148 ; gain = 83.266
INFO: [Synth 8-638] synthesizing module 'design_1_axi_uartlite_0_0' [b:/Baca I2C/Baca I2C/Baca I2C.srcs/sources_1/bd/design_1/ip/design_1_axi_uartlite_0_0/synth/design_1_axi_uartlite_0_0.vhd:86]
INFO: [Synth 8-638] synthesizing module 'axi_uartlite' [b:/Baca I2C/Baca I2C/Baca I2C.srcs/sources_1/bd/design_1/ipshared/b362/hdl/axi_uartlite_v2_0_vh_rfs.vhd:2160]
INFO: [Synth 8-638] synthesizing module 'uartlite_core' [b:/Baca I2C/Baca I2C/Baca I2C.srcs/sources_1/bd/design_1/ipshared/b362/hdl/axi_uartlite_v2_0_vh_rfs.vhd:1615]
INFO: [Synth 8-638] synthesizing module 'baudrate' [b:/Baca I2C/Baca I2C/Baca I2C.srcs/sources_1/bd/design_1/ipshared/b362/hdl/axi_uartlite_v2_0_vh_rfs.vhd:1418]
INFO: [Synth 8-256] done synthesizing module 'baudrate' (1#1) [b:/Baca I2C/Baca I2C/Baca I2C.srcs/sources_1/bd/design_1/ipshared/b362/hdl/axi_uartlite_v2_0_vh_rfs.vhd:1418]
INFO: [Synth 8-638] synthesizing module 'uartlite_rx' [b:/Baca I2C/Baca I2C/Baca I2C.srcs/sources_1/bd/design_1/ipshared/b362/hdl/axi_uartlite_v2_0_vh_rfs.vhd:909]
INFO: [Synth 8-638] synthesizing module 'cdc_sync' [b:/Baca I2C/Baca I2C/Baca I2C.srcs/sources_1/bd/design_1/ipshared/52cb/hdl/lib_cdc_v1_0_rfs.vhd:106]
INFO: [Synth 8-256] done synthesizing module 'cdc_sync' (2#1) [b:/Baca I2C/Baca I2C/Baca I2C.srcs/sources_1/bd/design_1/ipshared/52cb/hdl/lib_cdc_v1_0_rfs.vhd:106]
INFO: [Synth 8-638] synthesizing module 'dynshreg_i_f' [b:/Baca I2C/Baca I2C/Baca I2C.srcs/sources_1/bd/design_1/ipshared/b362/hdl/axi_uartlite_v2_0_vh_rfs.vhd:168]
INFO: [Synth 8-256] done synthesizing module 'dynshreg_i_f' (3#1) [b:/Baca I2C/Baca I2C/Baca I2C.srcs/sources_1/bd/design_1/ipshared/b362/hdl/axi_uartlite_v2_0_vh_rfs.vhd:168]
INFO: [Synth 8-638] synthesizing module 'srl_fifo_f' [b:/Baca I2C/Baca I2C/Baca I2C.srcs/sources_1/bd/design_1/ipshared/6039/hdl/lib_srl_fifo_v1_0_rfs.vhd:1000]
INFO: [Synth 8-638] synthesizing module 'srl_fifo_rbu_f' [b:/Baca I2C/Baca I2C/Baca I2C.srcs/sources_1/bd/design_1/ipshared/6039/hdl/lib_srl_fifo_v1_0_rfs.vhd:697]
INFO: [Synth 8-638] synthesizing module 'cntr_incr_decr_addn_f' [b:/Baca I2C/Baca I2C/Baca I2C.srcs/sources_1/bd/design_1/ipshared/6039/hdl/lib_srl_fifo_v1_0_rfs.vhd:143]
INFO: [Synth 8-256] done synthesizing module 'cntr_incr_decr_addn_f' (4#1) [b:/Baca I2C/Baca I2C/Baca I2C.srcs/sources_1/bd/design_1/ipshared/6039/hdl/lib_srl_fifo_v1_0_rfs.vhd:143]
INFO: [Synth 8-638] synthesizing module 'dynshreg_f' [b:/Baca I2C/Baca I2C/Baca I2C.srcs/sources_1/bd/design_1/ipshared/6039/hdl/lib_srl_fifo_v1_0_rfs.vhd:397]
INFO: [Synth 8-256] done synthesizing module 'dynshreg_f' (5#1) [b:/Baca I2C/Baca I2C/Baca I2C.srcs/sources_1/bd/design_1/ipshared/6039/hdl/lib_srl_fifo_v1_0_rfs.vhd:397]
INFO: [Synth 8-256] done synthesizing module 'srl_fifo_rbu_f' (6#1) [b:/Baca I2C/Baca I2C/Baca I2C.srcs/sources_1/bd/design_1/ipshared/6039/hdl/lib_srl_fifo_v1_0_rfs.vhd:697]
INFO: [Synth 8-256] done synthesizing module 'srl_fifo_f' (7#1) [b:/Baca I2C/Baca I2C/Baca I2C.srcs/sources_1/bd/design_1/ipshared/6039/hdl/lib_srl_fifo_v1_0_rfs.vhd:1000]
INFO: [Synth 8-256] done synthesizing module 'uartlite_rx' (8#1) [b:/Baca I2C/Baca I2C/Baca I2C.srcs/sources_1/bd/design_1/ipshared/b362/hdl/axi_uartlite_v2_0_vh_rfs.vhd:909]
INFO: [Synth 8-638] synthesizing module 'uartlite_tx' [b:/Baca I2C/Baca I2C/Baca I2C.srcs/sources_1/bd/design_1/ipshared/b362/hdl/axi_uartlite_v2_0_vh_rfs.vhd:408]
INFO: [Synth 8-638] synthesizing module 'dynshreg_i_f__parameterized0' [b:/Baca I2C/Baca I2C/Baca I2C.srcs/sources_1/bd/design_1/ipshared/b362/hdl/axi_uartlite_v2_0_vh_rfs.vhd:168]
INFO: [Synth 8-256] done synthesizing module 'dynshreg_i_f__parameterized0' (8#1) [b:/Baca I2C/Baca I2C/Baca I2C.srcs/sources_1/bd/design_1/ipshared/b362/hdl/axi_uartlite_v2_0_vh_rfs.vhd:168]
INFO: [Synth 8-256] done synthesizing module 'uartlite_tx' (9#1) [b:/Baca I2C/Baca I2C/Baca I2C.srcs/sources_1/bd/design_1/ipshared/b362/hdl/axi_uartlite_v2_0_vh_rfs.vhd:408]
INFO: [Synth 8-256] done synthesizing module 'uartlite_core' (10#1) [b:/Baca I2C/Baca I2C/Baca I2C.srcs/sources_1/bd/design_1/ipshared/b362/hdl/axi_uartlite_v2_0_vh_rfs.vhd:1615]
INFO: [Synth 8-638] synthesizing module 'axi_lite_ipif' [b:/Baca I2C/Baca I2C/Baca I2C.srcs/sources_1/bd/design_1/ipshared/0ba0/hdl/axi_lite_ipif_v3_0_vh_rfs.vhd:2948]
INFO: [Synth 8-638] synthesizing module 'slave_attachment' [b:/Baca I2C/Baca I2C/Baca I2C.srcs/sources_1/bd/design_1/ipshared/0ba0/hdl/axi_lite_ipif_v3_0_vh_rfs.vhd:2341]
INFO: [Synth 8-638] synthesizing module 'address_decoder' [b:/Baca I2C/Baca I2C/Baca I2C.srcs/sources_1/bd/design_1/ipshared/0ba0/hdl/axi_lite_ipif_v3_0_vh_rfs.vhd:1775]
INFO: [Synth 8-638] synthesizing module 'pselect_f' [b:/Baca I2C/Baca I2C/Baca I2C.srcs/sources_1/bd/design_1/ipshared/0ba0/hdl/axi_lite_ipif_v3_0_vh_rfs.vhd:1534]
INFO: [Synth 8-256] done synthesizing module 'pselect_f' (11#1) [b:/Baca I2C/Baca I2C/Baca I2C.srcs/sources_1/bd/design_1/ipshared/0ba0/hdl/axi_lite_ipif_v3_0_vh_rfs.vhd:1534]
INFO: [Synth 8-638] synthesizing module 'pselect_f__parameterized0' [b:/Baca I2C/Baca I2C/Baca I2C.srcs/sources_1/bd/design_1/ipshared/0ba0/hdl/axi_lite_ipif_v3_0_vh_rfs.vhd:1534]
INFO: [Synth 8-256] done synthesizing module 'pselect_f__parameterized0' (11#1) [b:/Baca I2C/Baca I2C/Baca I2C.srcs/sources_1/bd/design_1/ipshared/0ba0/hdl/axi_lite_ipif_v3_0_vh_rfs.vhd:1534]
INFO: [Synth 8-638] synthesizing module 'pselect_f__parameterized1' [b:/Baca I2C/Baca I2C/Baca I2C.srcs/sources_1/bd/design_1/ipshared/0ba0/hdl/axi_lite_ipif_v3_0_vh_rfs.vhd:1534]
INFO: [Synth 8-256] done synthesizing module 'pselect_f__parameterized1' (11#1) [b:/Baca I2C/Baca I2C/Baca I2C.srcs/sources_1/bd/design_1/ipshared/0ba0/hdl/axi_lite_ipif_v3_0_vh_rfs.vhd:1534]
INFO: [Synth 8-638] synthesizing module 'pselect_f__parameterized2' [b:/Baca I2C/Baca I2C/Baca I2C.srcs/sources_1/bd/design_1/ipshared/0ba0/hdl/axi_lite_ipif_v3_0_vh_rfs.vhd:1534]
INFO: [Synth 8-256] done synthesizing module 'pselect_f__parameterized2' (11#1) [b:/Baca I2C/Baca I2C/Baca I2C.srcs/sources_1/bd/design_1/ipshared/0ba0/hdl/axi_lite_ipif_v3_0_vh_rfs.vhd:1534]
INFO: [Synth 8-256] done synthesizing module 'address_decoder' (12#1) [b:/Baca I2C/Baca I2C/Baca I2C.srcs/sources_1/bd/design_1/ipshared/0ba0/hdl/axi_lite_ipif_v3_0_vh_rfs.vhd:1775]
INFO: [Synth 8-256] done synthesizing module 'slave_attachment' (13#1) [b:/Baca I2C/Baca I2C/Baca I2C.srcs/sources_1/bd/design_1/ipshared/0ba0/hdl/axi_lite_ipif_v3_0_vh_rfs.vhd:2341]
INFO: [Synth 8-256] done synthesizing module 'axi_lite_ipif' (14#1) [b:/Baca I2C/Baca I2C/Baca I2C.srcs/sources_1/bd/design_1/ipshared/0ba0/hdl/axi_lite_ipif_v3_0_vh_rfs.vhd:2948]
INFO: [Synth 8-256] done synthesizing module 'axi_uartlite' (15#1) [b:/Baca I2C/Baca I2C/Baca I2C.srcs/sources_1/bd/design_1/ipshared/b362/hdl/axi_uartlite_v2_0_vh_rfs.vhd:2160]
INFO: [Synth 8-256] done synthesizing module 'design_1_axi_uartlite_0_0' (16#1) [b:/Baca I2C/Baca I2C/Baca I2C.srcs/sources_1/bd/design_1/ip/design_1_axi_uartlite_0_0/synth/design_1_axi_uartlite_0_0.vhd:86]
Finished RTL Elaboration : Time (s): cpu = 00:00:16 ; elapsed = 00:00:17 . Memory (MB): peak = 433.227 ; gain = 124.344
Finished RTL Optimization Phase 1 : Time (s): cpu = 00:00:16 ; elapsed = 00:00:17 . Memory (MB): peak = 433.227 ; gain = 124.344
INFO: [Device 21-403] Loading part xc7a35tcpg236-1
Constraint Validation Runtime : Time (s): cpu = 00:00:01 ; elapsed = 00:00:00.076 . Memory (MB): peak = 730.523 ; gain = 0.000
Finished Constraint Validation : Time (s): cpu = 00:00:46 ; elapsed = 00:00:52 . Memory (MB): peak = 730.523 ; gain = 421.641
Finished Loading Part and Timing Information : Time (s): cpu = 00:00:46 ; elapsed = 00:00:52 . Memory (MB): peak = 730.523 ; gain = 421.641
Finished applying 'set_property' XDC Constraints : Time (s): cpu = 00:00:46 ; elapsed = 00:00:52 . Memory (MB): peak = 730.523 ; gain = 421.641
Finished RTL Optimization Phase 2 : Time (s): cpu = 00:00:47 ; elapsed = 00:00:53 . Memory (MB): peak = 730.523 ; gain = 421.641
Finished Cross Boundary and Area Optimization : Time (s): cpu = 00:00:51 ; elapsed = 00:00:57 . Memory (MB): peak = 730.523 ; gain = 421.641
Finished Applying XDC Timing Constraints : Time (s): cpu = 00:01:24 ; elapsed = 00:01:34 . Memory (MB): peak = 730.523 ; gain = 421.641
Finished Timing Optimization : Time (s): cpu = 00:01:25 ; elapsed = 00:01:35 . Memory (MB): peak = 730.523 ; gain = 421.641
Finished Technology Mapping : Time (s): cpu = 00:01:25 ; elapsed = 00:01:35 . Memory (MB): peak = 730.523 ; gain = 421.641
Finished IO Insertion : Time (s): cpu = 00:01:26 ; elapsed = 00:01:37 . Memory (MB): peak = 730.523 ; gain = 421.641
Finished Renaming Generated Instances : Time (s): cpu = 00:01:26 ; elapsed = 00:01:37 . Memory (MB): peak = 730.523 ; gain = 421.641
Finished Rebuilding User Hierarchy : Time (s): cpu = 00:01:27 ; elapsed = 00:01:37 . Memory (MB): peak = 730.523 ; gain = 421.641
Finished Renaming Generated Ports : Time (s): cpu = 00:01:27 ; elapsed = 00:01:37 . Memory (MB): peak = 730.523 ; gain = 421.641
Finished Handling Custom Attributes : Time (s): cpu = 00:01:27 ; elapsed = 00:01:37 . Memory (MB): peak = 730.523 ; gain = 421.641
Finished Renaming Generated Nets : Time (s): cpu = 00:01:27 ; elapsed = 00:01:37 . Memory (MB): peak = 730.523 ; gain = 421.641

Report Cell Usage: 
+------+-------+------+
|      |Cell   |Count |
+------+-------+------+
|1     |LUT1   |     1|
|2     |LUT2   |    10|
|3     |LUT3   |    23|
|4     |LUT4   |    15|
|5     |LUT5   |    44|
|6     |LUT6   |    21|
|7     |SRL16E |    18|
|8     |FDR    |     4|
|9     |FDRE   |    74|
|10    |FDSE   |    16|
+------+-------+------+
Finished Writing Synthesis Report : Time (s): cpu = 00:01:27 ; elapsed = 00:01:37 . Memory (MB): peak = 730.523 ; gain = 421.641
synth_design: Time (s): cpu = 00:01:30 ; elapsed = 00:01:42 . Memory (MB): peak = 730.523 ; gain = 425.387
