#-----------------------------------------------------------
# Webtalk v2017.1 (64-bit)
# SW Build 1846317 on Fri Apr 14 18:55:03 MDT 2017
# 
# Start of session at: Wed Sep 27 21:43:26 2017
# Process ID: 12424
# Current directory: B:/Sekerepsih/Baca-I2C/Baca/webtalk
# Command line: wbtcv.exe -mode batch -source sdk_webtalk.tcl
# Log file: B:/Sekerepsih/Baca-I2C/Baca/webtalk/webtalk.log
# Journal file: B:/Sekerepsih/Baca-I2C/Baca/webtalk\webtalk.jou
#-----------------------------------------------------------
source sdk_webtalk.tcl
# webtalk_init -webtalk_dir B:\\Sekerepsih\\Baca-I2C\\Baca\\webtalk
# webtalk_register_client -client project
# webtalk_add_data -client project -key date_generated -value "2017-09-27 21:43:18" -context "software_version_and_target_device"
# webtalk_add_data -client project -key product_version -value "SDK v2017.1" -context "software_version_and_target_device"
# webtalk_add_data -client project -key build_version -value "2017.1" -context "software_version_and_target_device"
# webtalk_add_data -client project -key os_platform -value "amd64" -context "software_version_and_target_device"
# webtalk_add_data -client project -key registration_id -value "211162827_1777516382_210627924_209" -context "software_version_and_target_device"
# webtalk_add_data -client project -key tool_flow -value "SDK" -context "software_version_and_target_device"
# webtalk_add_data -client project -key beta -value "false" -context "software_version_and_target_device"
# webtalk_add_data -client project -key route_design -value "NA" -context "software_version_and_target_device"
# webtalk_add_data -client project -key target_family -value "NA" -context "software_version_and_target_device"
# webtalk_add_data -client project -key target_device -value "NA" -context "software_version_and_target_device"
# webtalk_add_data -client project -key target_package -value "NA" -context "software_version_and_target_device"
# webtalk_add_data -client project -key target_speed -value "NA" -context "software_version_and_target_device"
# webtalk_add_data -client project -key random_id -value "291v9uek5dfu8qkm99umgnq3e6" -context "software_version_and_target_device"
# webtalk_add_data -client project -key project_id -value "2017.1_11" -context "software_version_and_target_device"
# webtalk_add_data -client project -key project_iteration -value "11" -context "software_version_and_target_device"
# webtalk_add_data -client project -key os_name -value "Microsoft Windows 8 or later , 64-bit" -context "user_environment"
# webtalk_add_data -client project -key os_release -value "major release  (build 9200)" -context "user_environment"
# webtalk_add_data -client project -key cpu_name -value "Intel(R) Core(TM) i3-3217U CPU @ 1.80GHz" -context "user_environment"
# webtalk_add_data -client project -key cpu_speed -value "1796 MHz" -context "user_environment"
# webtalk_add_data -client project -key total_processors -value "1" -context "user_environment"
# webtalk_add_data -client project -key system_ram -value "8.000 GB" -context "user_environment"
# webtalk_register_client -client sdk
# webtalk_add_data -client sdk -key uid -value "1506520495523" -context "sdk\\\\bsp/1506520495523"
# webtalk_add_data -client sdk -key hwid -value "1506427323475" -context "sdk\\\\bsp/1506520495523"
# webtalk_add_data -client sdk -key os -value "standalone" -context "sdk\\\\bsp/1506520495523"
# webtalk_add_data -client sdk -key apptemplate -value "empty_application" -context "sdk\\\\bsp/1506520495523"
# webtalk_add_data -client sdk -key RecordType -value "BSPCreation" -context "sdk\\\\bsp/1506520495523"
# webtalk_add_data -client sdk -key uid -value "1506520513470" -context "sdk\\\\application/1506520513470"
# webtalk_add_data -client sdk -key hwid -value "1506427323475" -context "sdk\\\\application/1506520513470"
# webtalk_add_data -client sdk -key bspid -value "1506520495523" -context "sdk\\\\application/1506520513470"
# webtalk_add_data -client sdk -key newbsp -value "true" -context "sdk\\\\application/1506520513470"
# webtalk_add_data -client sdk -key os -value "standalone" -context "sdk\\\\application/1506520513470"
# webtalk_add_data -client sdk -key apptemplate -value "empty_application" -context "sdk\\\\application/1506520513470"
# webtalk_add_data -client sdk -key RecordType -value "APPCreation" -context "sdk\\\\application/1506520513470"
# webtalk_add_data -client sdk -key LangUsed -value "CPP" -context "sdk\\\\application/1506520513470"
# webtalk_add_data -client sdk -key Procused -value "microblaze" -context "sdk\\\\application/1506520513470"
# webtalk_add_data -client sdk -key projSize -value "16.0390625" -context "sdk\\\\application/1506520513470"
# webtalk_add_data -client sdk -key uid -value "NA" -context "sdk\\\\bsp/1506523398819"
# webtalk_add_data -client sdk -key RecordType -value "ToolUsage" -context "sdk\\\\bsp/1506523398819"
# webtalk_add_data -client sdk -key BootgenCount -value "0" -context "sdk\\\\bsp/1506523398819"
# webtalk_add_data -client sdk -key DebugCount -value "0" -context "sdk\\\\bsp/1506523398819"
# webtalk_add_data -client sdk -key PerfCount -value "0" -context "sdk\\\\bsp/1506523398819"
# webtalk_add_data -client sdk -key FlashCount -value "0" -context "sdk\\\\bsp/1506523398819"
# webtalk_add_data -client sdk -key CrossTriggCount -value "0" -context "sdk\\\\bsp/1506523398819"
# webtalk_add_data -client sdk -key QemuDebugCount -value "0" -context "sdk\\\\bsp/1506523398819"
# webtalk_transmit -clientid 2712141241 -regid "211162827_1777516382_210627924_209" -xml B:\\Sekerepsih\\Baca-I2C\\Baca\\webtalk\\usage_statistics_ext_sdk.xml -html B:\\Sekerepsih\\Baca-I2C\\Baca\\webtalk\\usage_statistics_ext_sdk.html -wdm B:\\Sekerepsih\\Baca-I2C\\Baca\\webtalk\\sdk_webtalk.wdm -intro "<H3>SDK Usage Report</H3><BR>"
INFO: [Common 17-186] 'B:\Sekerepsih\Baca-I2C\Baca\webtalk\usage_statistics_ext_sdk.xml' has been successfully sent to Xilinx on Wed Sep 27 21:43:38 2017. For additional details about this file, please refer to the WebTalk help file at C:/Xilinx/SDK/2017.1/doc/webtalk_introduction.html.
webtalk_transmit: Time (s): cpu = 00:00:00 ; elapsed = 00:00:09 . Memory (MB): peak = 60.563 ; gain = 0.168
# webtalk_terminate
INFO: [Common 17-206] Exiting Webtalk at Wed Sep 27 21:43:38 2017...
