
*** Running vivado
    with args -log design_1_dlmb_v10_0.vds -m64 -product Vivado -mode batch -messageDb vivado.pb -notrace -source design_1_dlmb_v10_0.tcl


****** Vivado v2017.1 (64-bit)
  **** SW Build 1846317 on Fri Apr 14 18:55:03 MDT 2017
  **** IP Build 1846188 on Fri Apr 14 20:52:08 MDT 2017
    ** Copyright 1986-2017 Xilinx, Inc. All Rights Reserved.

source design_1_dlmb_v10_0.tcl -notrace
Starting RTL Elaboration : Time (s): cpu = 00:00:08 ; elapsed = 00:00:08 . Memory (MB): peak = 383.957 ; gain = 81.547
INFO: [Synth 8-638] synthesizing module 'design_1_dlmb_v10_0' [b:/Baca I2C/Baca I2C/Baca I2C.srcs/sources_1/bd/design_1/ip/design_1_dlmb_v10_0/synth/design_1_dlmb_v10_0.vhd:89]
INFO: [Synth 8-638] synthesizing module 'lmb_v10' [b:/Baca I2C/Baca I2C/Baca I2C.srcs/sources_1/bd/design_1/ipshared/162e/hdl/lmb_v10_v3_0_vh_rfs.vhd:140]
INFO: [Synth 8-638] synthesizing module 'FDS' [C:/Xilinx/Vivado/2017.1/scripts/rt/data/unisim_comp.v:4087]
INFO: [Synth 8-256] done synthesizing module 'FDS' (1#1) [C:/Xilinx/Vivado/2017.1/scripts/rt/data/unisim_comp.v:4087]
INFO: [Synth 8-256] done synthesizing module 'lmb_v10' (2#1) [b:/Baca I2C/Baca I2C/Baca I2C.srcs/sources_1/bd/design_1/ipshared/162e/hdl/lmb_v10_v3_0_vh_rfs.vhd:140]
INFO: [Synth 8-256] done synthesizing module 'design_1_dlmb_v10_0' (3#1) [b:/Baca I2C/Baca I2C/Baca I2C.srcs/sources_1/bd/design_1/ip/design_1_dlmb_v10_0/synth/design_1_dlmb_v10_0.vhd:89]
Finished RTL Elaboration : Time (s): cpu = 00:00:10 ; elapsed = 00:00:11 . Memory (MB): peak = 424.285 ; gain = 121.875
Finished RTL Optimization Phase 1 : Time (s): cpu = 00:00:11 ; elapsed = 00:00:11 . Memory (MB): peak = 424.285 ; gain = 121.875
INFO: [Device 21-403] Loading part xc7a35tcpg236-1
Constraint Validation Runtime : Time (s): cpu = 00:00:00 ; elapsed = 00:00:00.045 . Memory (MB): peak = 627.758 ; gain = 0.000
Finished Constraint Validation : Time (s): cpu = 00:00:32 ; elapsed = 00:00:35 . Memory (MB): peak = 627.758 ; gain = 325.348
Finished Loading Part and Timing Information : Time (s): cpu = 00:00:32 ; elapsed = 00:00:35 . Memory (MB): peak = 627.758 ; gain = 325.348
Finished applying 'set_property' XDC Constraints : Time (s): cpu = 00:00:32 ; elapsed = 00:00:35 . Memory (MB): peak = 627.758 ; gain = 325.348
Finished RTL Optimization Phase 2 : Time (s): cpu = 00:00:33 ; elapsed = 00:00:35 . Memory (MB): peak = 627.758 ; gain = 325.348
Finished Cross Boundary and Area Optimization : Time (s): cpu = 00:00:34 ; elapsed = 00:00:36 . Memory (MB): peak = 627.758 ; gain = 325.348
Finished Applying XDC Timing Constraints : Time (s): cpu = 00:01:04 ; elapsed = 00:01:08 . Memory (MB): peak = 656.238 ; gain = 353.828
Finished Timing Optimization : Time (s): cpu = 00:01:04 ; elapsed = 00:01:08 . Memory (MB): peak = 656.238 ; gain = 353.828
Finished Technology Mapping : Time (s): cpu = 00:01:04 ; elapsed = 00:01:08 . Memory (MB): peak = 666.379 ; gain = 363.969
Finished IO Insertion : Time (s): cpu = 00:01:05 ; elapsed = 00:01:09 . Memory (MB): peak = 666.379 ; gain = 363.969
Finished Renaming Generated Instances : Time (s): cpu = 00:01:05 ; elapsed = 00:01:09 . Memory (MB): peak = 666.379 ; gain = 363.969
Finished Rebuilding User Hierarchy : Time (s): cpu = 00:01:05 ; elapsed = 00:01:09 . Memory (MB): peak = 666.379 ; gain = 363.969
Finished Renaming Generated Ports : Time (s): cpu = 00:01:05 ; elapsed = 00:01:09 . Memory (MB): peak = 666.379 ; gain = 363.969
Finished Handling Custom Attributes : Time (s): cpu = 00:01:05 ; elapsed = 00:01:09 . Memory (MB): peak = 666.379 ; gain = 363.969
Finished Renaming Generated Nets : Time (s): cpu = 00:01:05 ; elapsed = 00:01:09 . Memory (MB): peak = 666.379 ; gain = 363.969

Report Cell Usage: 
+------+-----+------+
|      |Cell |Count |
+------+-----+------+
|1     |FDS  |     1|
+------+-----+------+
Finished Writing Synthesis Report : Time (s): cpu = 00:01:05 ; elapsed = 00:01:09 . Memory (MB): peak = 666.379 ; gain = 363.969
synth_design: Time (s): cpu = 00:01:09 ; elapsed = 00:01:14 . Memory (MB): peak = 679.898 ; gain = 377.488
