
*** Running vivado
    with args -log design_1_mdm_1_0.vds -m64 -product Vivado -mode batch -messageDb vivado.pb -notrace -source design_1_mdm_1_0.tcl


****** Vivado v2017.1 (64-bit)
  **** SW Build 1846317 on Fri Apr 14 18:55:03 MDT 2017
  **** IP Build 1846188 on Fri Apr 14 20:52:08 MDT 2017
    ** Copyright 1986-2017 Xilinx, Inc. All Rights Reserved.

source design_1_mdm_1_0.tcl -notrace
create_project: Time (s): cpu = 00:00:03 ; elapsed = 00:00:07 . Memory (MB): peak = 284.406 ; gain = 60.273
Starting RTL Elaboration : Time (s): cpu = 00:00:10 ; elapsed = 00:00:11 . Memory (MB): peak = 393.887 ; gain = 79.793
INFO: [Synth 8-638] synthesizing module 'design_1_mdm_1_0' [b:/Baca I2C/Baca I2C/Baca I2C.srcs/sources_1/bd/design_1/ip/design_1_mdm_1_0/synth/design_1_mdm_1_0.vhd:74]
INFO: [Synth 8-638] synthesizing module 'MDM' [b:/Baca I2C/Baca I2C/Baca I2C.srcs/sources_1/bd/design_1/ipshared/359c/hdl/mdm_v3_2_vh_rfs.vhd:13563]
INFO: [Synth 8-638] synthesizing module 'MB_BSCANE2' [b:/Baca I2C/Baca I2C/Baca I2C.srcs/sources_1/bd/design_1/ipshared/359c/hdl/mdm_v3_2_vh_rfs.vhd:277]
INFO: [Synth 8-256] done synthesizing module 'MB_BSCANE2' (1#1) [b:/Baca I2C/Baca I2C/Baca I2C.srcs/sources_1/bd/design_1/ipshared/359c/hdl/mdm_v3_2_vh_rfs.vhd:277]
INFO: [Synth 8-638] synthesizing module 'MB_BUFG' [b:/Baca I2C/Baca I2C/Baca I2C.srcs/sources_1/bd/design_1/ipshared/359c/hdl/mdm_v3_2_vh_rfs.vhd:328]
INFO: [Synth 8-256] done synthesizing module 'MB_BUFG' (2#1) [b:/Baca I2C/Baca I2C/Baca I2C.srcs/sources_1/bd/design_1/ipshared/359c/hdl/mdm_v3_2_vh_rfs.vhd:328]
INFO: [Synth 8-638] synthesizing module 'MDM_Core' [b:/Baca I2C/Baca I2C/Baca I2C.srcs/sources_1/bd/design_1/ipshared/359c/hdl/mdm_v3_2_vh_rfs.vhd:6639]
INFO: [Synth 8-638] synthesizing module 'JTAG_CONTROL' [b:/Baca I2C/Baca I2C/Baca I2C.srcs/sources_1/bd/design_1/ipshared/359c/hdl/mdm_v3_2_vh_rfs.vhd:3115]
INFO: [Synth 8-638] synthesizing module 'MB_FDC_1' [b:/Baca I2C/Baca I2C/Baca I2C.srcs/sources_1/bd/design_1/ipshared/359c/hdl/mdm_v3_2_vh_rfs.vhd:630]
INFO: [Synth 8-256] done synthesizing module 'MB_FDC_1' (3#1) [b:/Baca I2C/Baca I2C/Baca I2C.srcs/sources_1/bd/design_1/ipshared/359c/hdl/mdm_v3_2_vh_rfs.vhd:630]
INFO: [Synth 8-638] synthesizing module 'MB_FDRE_1' [b:/Baca I2C/Baca I2C/Baca I2C.srcs/sources_1/bd/design_1/ipshared/359c/hdl/mdm_v3_2_vh_rfs.vhd:690]
INFO: [Synth 8-256] done synthesizing module 'MB_FDRE_1' (4#1) [b:/Baca I2C/Baca I2C/Baca I2C.srcs/sources_1/bd/design_1/ipshared/359c/hdl/mdm_v3_2_vh_rfs.vhd:690]
INFO: [Synth 8-638] synthesizing module 'MB_SRL16E' [b:/Baca I2C/Baca I2C/Baca I2C.srcs/sources_1/bd/design_1/ipshared/359c/hdl/mdm_v3_2_vh_rfs.vhd:759]
INFO: [Synth 8-256] done synthesizing module 'MB_SRL16E' (5#1) [b:/Baca I2C/Baca I2C/Baca I2C.srcs/sources_1/bd/design_1/ipshared/359c/hdl/mdm_v3_2_vh_rfs.vhd:759]
INFO: [Synth 8-638] synthesizing module 'MB_SRL16E__parameterized1' [b:/Baca I2C/Baca I2C/Baca I2C.srcs/sources_1/bd/design_1/ipshared/359c/hdl/mdm_v3_2_vh_rfs.vhd:759]
INFO: [Synth 8-256] done synthesizing module 'MB_SRL16E__parameterized1' (5#1) [b:/Baca I2C/Baca I2C/Baca I2C.srcs/sources_1/bd/design_1/ipshared/359c/hdl/mdm_v3_2_vh_rfs.vhd:759]
INFO: [Synth 8-638] synthesizing module 'MB_SRL16E__parameterized3' [b:/Baca I2C/Baca I2C/Baca I2C.srcs/sources_1/bd/design_1/ipshared/359c/hdl/mdm_v3_2_vh_rfs.vhd:759]
INFO: [Synth 8-256] done synthesizing module 'MB_SRL16E__parameterized3' (5#1) [b:/Baca I2C/Baca I2C/Baca I2C.srcs/sources_1/bd/design_1/ipshared/359c/hdl/mdm_v3_2_vh_rfs.vhd:759]
INFO: [Synth 8-638] synthesizing module 'MB_SRL16E__parameterized5' [b:/Baca I2C/Baca I2C/Baca I2C.srcs/sources_1/bd/design_1/ipshared/359c/hdl/mdm_v3_2_vh_rfs.vhd:759]
INFO: [Synth 8-256] done synthesizing module 'MB_SRL16E__parameterized5' (5#1) [b:/Baca I2C/Baca I2C/Baca I2C.srcs/sources_1/bd/design_1/ipshared/359c/hdl/mdm_v3_2_vh_rfs.vhd:759]
INFO: [Synth 8-256] done synthesizing module 'JTAG_CONTROL' (6#1) [b:/Baca I2C/Baca I2C/Baca I2C.srcs/sources_1/bd/design_1/ipshared/359c/hdl/mdm_v3_2_vh_rfs.vhd:3115]
INFO: [Synth 8-256] done synthesizing module 'MDM_Core' (7#1) [b:/Baca I2C/Baca I2C/Baca I2C.srcs/sources_1/bd/design_1/ipshared/359c/hdl/mdm_v3_2_vh_rfs.vhd:6639]
INFO: [Synth 8-256] done synthesizing module 'MDM' (8#1) [b:/Baca I2C/Baca I2C/Baca I2C.srcs/sources_1/bd/design_1/ipshared/359c/hdl/mdm_v3_2_vh_rfs.vhd:13563]
INFO: [Synth 8-256] done synthesizing module 'design_1_mdm_1_0' (9#1) [b:/Baca I2C/Baca I2C/Baca I2C.srcs/sources_1/bd/design_1/ip/design_1_mdm_1_0/synth/design_1_mdm_1_0.vhd:74]
Finished RTL Elaboration : Time (s): cpu = 00:00:19 ; elapsed = 00:00:21 . Memory (MB): peak = 443.984 ; gain = 129.891
Finished RTL Optimization Phase 1 : Time (s): cpu = 00:00:19 ; elapsed = 00:00:22 . Memory (MB): peak = 443.984 ; gain = 129.891
INFO: [Device 21-403] Loading part xc7a35tcpg236-1
Constraint Validation Runtime : Time (s): cpu = 00:00:00 ; elapsed = 00:00:00.033 . Memory (MB): peak = 740.164 ; gain = 0.000
Finished Constraint Validation : Time (s): cpu = 00:00:43 ; elapsed = 00:00:47 . Memory (MB): peak = 740.164 ; gain = 426.070
Finished Loading Part and Timing Information : Time (s): cpu = 00:00:43 ; elapsed = 00:00:47 . Memory (MB): peak = 740.164 ; gain = 426.070
Finished applying 'set_property' XDC Constraints : Time (s): cpu = 00:00:43 ; elapsed = 00:00:48 . Memory (MB): peak = 740.164 ; gain = 426.070
Finished RTL Optimization Phase 2 : Time (s): cpu = 00:00:45 ; elapsed = 00:00:49 . Memory (MB): peak = 740.164 ; gain = 426.070
Finished Cross Boundary and Area Optimization : Time (s): cpu = 00:00:47 ; elapsed = 00:00:52 . Memory (MB): peak = 740.164 ; gain = 426.070
Finished Applying XDC Timing Constraints : Time (s): cpu = 00:01:15 ; elapsed = 00:01:19 . Memory (MB): peak = 740.164 ; gain = 426.070
Finished Timing Optimization : Time (s): cpu = 00:01:16 ; elapsed = 00:01:21 . Memory (MB): peak = 740.164 ; gain = 426.070
Finished Technology Mapping : Time (s): cpu = 00:01:16 ; elapsed = 00:01:21 . Memory (MB): peak = 740.164 ; gain = 426.070
Finished IO Insertion : Time (s): cpu = 00:01:18 ; elapsed = 00:01:22 . Memory (MB): peak = 740.164 ; gain = 426.070
Finished Renaming Generated Instances : Time (s): cpu = 00:01:18 ; elapsed = 00:01:22 . Memory (MB): peak = 740.164 ; gain = 426.070
Finished Rebuilding User Hierarchy : Time (s): cpu = 00:01:18 ; elapsed = 00:01:23 . Memory (MB): peak = 740.164 ; gain = 426.070
Finished Renaming Generated Ports : Time (s): cpu = 00:01:18 ; elapsed = 00:01:23 . Memory (MB): peak = 740.164 ; gain = 426.070
Finished Handling Custom Attributes : Time (s): cpu = 00:01:18 ; elapsed = 00:01:23 . Memory (MB): peak = 740.164 ; gain = 426.070
Finished Renaming Generated Nets : Time (s): cpu = 00:01:18 ; elapsed = 00:01:23 . Memory (MB): peak = 740.164 ; gain = 426.070

Report Cell Usage: 
+------+--------+------+
|      |Cell    |Count |
+------+--------+------+
|1     |BSCANE2 |     1|
|2     |BUFG    |     1|
|3     |LUT1    |     2|
|4     |LUT2    |    14|
|5     |LUT3    |    28|
|6     |LUT4    |    14|
|7     |LUT5    |    17|
|8     |LUT6    |    34|
|9     |SRL16E  |     7|
|10    |FDCE    |   100|
|11    |FDC_1   |     1|
|12    |FDPE    |     7|
|13    |FDRE    |     3|
|14    |FDRE_1  |     1|
+------+--------+------+
Finished Writing Synthesis Report : Time (s): cpu = 00:01:18 ; elapsed = 00:01:23 . Memory (MB): peak = 740.164 ; gain = 426.070
synth_design: Time (s): cpu = 00:01:22 ; elapsed = 00:01:27 . Memory (MB): peak = 740.164 ; gain = 426.070
