
*** Running vivado
    with args -log design_1_rst_clk_wiz_0_100M_0.vds -m64 -product Vivado -mode batch -messageDb vivado.pb -notrace -source design_1_rst_clk_wiz_0_100M_0.tcl


****** Vivado v2017.1 (64-bit)
  **** SW Build 1846317 on Fri Apr 14 18:55:03 MDT 2017
  **** IP Build 1846188 on Fri Apr 14 20:52:08 MDT 2017
    ** Copyright 1986-2017 Xilinx, Inc. All Rights Reserved.

source design_1_rst_clk_wiz_0_100M_0.tcl -notrace
Starting RTL Elaboration : Time (s): cpu = 00:00:10 ; elapsed = 00:00:11 . Memory (MB): peak = 382.859 ; gain = 80.152
INFO: [Synth 8-638] synthesizing module 'design_1_rst_clk_wiz_0_100M_0' [b:/Baca I2C/Baca I2C/Baca I2C.srcs/sources_1/bd/design_1/ip/design_1_rst_clk_wiz_0_100M_0/synth/design_1_rst_clk_wiz_0_100M_0.vhd:74]
INFO: [Synth 8-638] synthesizing module 'proc_sys_reset' [b:/Baca I2C/Baca I2C/Baca I2C.srcs/sources_1/bd/design_1/ipshared/5db7/hdl/proc_sys_reset_v5_0_vh_rfs.vhd:1323]
INFO: [Synth 8-638] synthesizing module 'lpf' [b:/Baca I2C/Baca I2C/Baca I2C.srcs/sources_1/bd/design_1/ipshared/5db7/hdl/proc_sys_reset_v5_0_vh_rfs.vhd:816]
INFO: [Synth 8-638] synthesizing module 'SRL16' [C:/Xilinx/Vivado/2017.1/scripts/rt/data/unisim_comp.v:43657]
INFO: [Synth 8-256] done synthesizing module 'SRL16' (1#1) [C:/Xilinx/Vivado/2017.1/scripts/rt/data/unisim_comp.v:43657]
INFO: [Synth 8-638] synthesizing module 'cdc_sync' [b:/Baca I2C/Baca I2C/Baca I2C.srcs/sources_1/bd/design_1/ipshared/52cb/hdl/lib_cdc_v1_0_rfs.vhd:106]
INFO: [Synth 8-256] done synthesizing module 'cdc_sync' (2#1) [b:/Baca I2C/Baca I2C/Baca I2C.srcs/sources_1/bd/design_1/ipshared/52cb/hdl/lib_cdc_v1_0_rfs.vhd:106]
INFO: [Synth 8-256] done synthesizing module 'lpf' (3#1) [b:/Baca I2C/Baca I2C/Baca I2C.srcs/sources_1/bd/design_1/ipshared/5db7/hdl/proc_sys_reset_v5_0_vh_rfs.vhd:816]
INFO: [Synth 8-638] synthesizing module 'sequence_psr' [b:/Baca I2C/Baca I2C/Baca I2C.srcs/sources_1/bd/design_1/ipshared/5db7/hdl/proc_sys_reset_v5_0_vh_rfs.vhd:301]
INFO: [Synth 8-638] synthesizing module 'upcnt_n' [b:/Baca I2C/Baca I2C/Baca I2C.srcs/sources_1/bd/design_1/ipshared/5db7/hdl/proc_sys_reset_v5_0_vh_rfs.vhd:125]
INFO: [Synth 8-256] done synthesizing module 'upcnt_n' (4#1) [b:/Baca I2C/Baca I2C/Baca I2C.srcs/sources_1/bd/design_1/ipshared/5db7/hdl/proc_sys_reset_v5_0_vh_rfs.vhd:125]
INFO: [Synth 8-256] done synthesizing module 'sequence_psr' (5#1) [b:/Baca I2C/Baca I2C/Baca I2C.srcs/sources_1/bd/design_1/ipshared/5db7/hdl/proc_sys_reset_v5_0_vh_rfs.vhd:301]
INFO: [Synth 8-256] done synthesizing module 'proc_sys_reset' (6#1) [b:/Baca I2C/Baca I2C/Baca I2C.srcs/sources_1/bd/design_1/ipshared/5db7/hdl/proc_sys_reset_v5_0_vh_rfs.vhd:1323]
INFO: [Synth 8-256] done synthesizing module 'design_1_rst_clk_wiz_0_100M_0' (7#1) [b:/Baca I2C/Baca I2C/Baca I2C.srcs/sources_1/bd/design_1/ip/design_1_rst_clk_wiz_0_100M_0/synth/design_1_rst_clk_wiz_0_100M_0.vhd:74]
Finished RTL Elaboration : Time (s): cpu = 00:00:13 ; elapsed = 00:00:14 . Memory (MB): peak = 423.941 ; gain = 121.234
Finished RTL Optimization Phase 1 : Time (s): cpu = 00:00:13 ; elapsed = 00:00:15 . Memory (MB): peak = 423.941 ; gain = 121.234
INFO: [Device 21-403] Loading part xc7a35tcpg236-1
Constraint Validation Runtime : Time (s): cpu = 00:00:00 ; elapsed = 00:00:00.120 . Memory (MB): peak = 718.004 ; gain = 0.000
Finished Constraint Validation : Time (s): cpu = 00:00:41 ; elapsed = 00:00:45 . Memory (MB): peak = 718.004 ; gain = 415.297
Finished Loading Part and Timing Information : Time (s): cpu = 00:00:41 ; elapsed = 00:00:45 . Memory (MB): peak = 718.004 ; gain = 415.297
Finished applying 'set_property' XDC Constraints : Time (s): cpu = 00:00:41 ; elapsed = 00:00:46 . Memory (MB): peak = 718.004 ; gain = 415.297
Finished RTL Optimization Phase 2 : Time (s): cpu = 00:00:41 ; elapsed = 00:00:46 . Memory (MB): peak = 718.004 ; gain = 415.297
Finished Cross Boundary and Area Optimization : Time (s): cpu = 00:00:42 ; elapsed = 00:00:47 . Memory (MB): peak = 718.004 ; gain = 415.297
Finished Applying XDC Timing Constraints : Time (s): cpu = 00:01:15 ; elapsed = 00:01:21 . Memory (MB): peak = 718.004 ; gain = 415.297
Finished Timing Optimization : Time (s): cpu = 00:01:15 ; elapsed = 00:01:21 . Memory (MB): peak = 718.004 ; gain = 415.297
Finished Technology Mapping : Time (s): cpu = 00:01:15 ; elapsed = 00:01:22 . Memory (MB): peak = 718.004 ; gain = 415.297
Finished IO Insertion : Time (s): cpu = 00:01:17 ; elapsed = 00:01:23 . Memory (MB): peak = 718.004 ; gain = 415.297
Finished Renaming Generated Instances : Time (s): cpu = 00:01:17 ; elapsed = 00:01:23 . Memory (MB): peak = 718.004 ; gain = 415.297
Finished Rebuilding User Hierarchy : Time (s): cpu = 00:01:17 ; elapsed = 00:01:23 . Memory (MB): peak = 718.004 ; gain = 415.297
Finished Renaming Generated Ports : Time (s): cpu = 00:01:17 ; elapsed = 00:01:23 . Memory (MB): peak = 718.004 ; gain = 415.297
Finished Handling Custom Attributes : Time (s): cpu = 00:01:17 ; elapsed = 00:01:23 . Memory (MB): peak = 718.004 ; gain = 415.297
Finished Renaming Generated Nets : Time (s): cpu = 00:01:17 ; elapsed = 00:01:23 . Memory (MB): peak = 718.004 ; gain = 415.297

Report Cell Usage: 
+------+------+------+
|      |Cell  |Count |
+------+------+------+
|1     |LUT1  |     5|
|2     |LUT2  |     9|
|3     |LUT3  |     1|
|4     |LUT4  |     6|
|5     |LUT5  |     3|
|6     |LUT6  |     1|
|7     |SRL16 |     1|
|8     |FDR   |     8|
|9     |FDRE  |    28|
|10    |FDSE  |     4|
+------+------+------+
Finished Writing Synthesis Report : Time (s): cpu = 00:01:17 ; elapsed = 00:01:23 . Memory (MB): peak = 718.004 ; gain = 415.297
synth_design: Time (s): cpu = 00:01:21 ; elapsed = 00:01:27 . Memory (MB): peak = 718.004 ; gain = 415.297
